2026-05-15 17:41:50,981 | INFO     | 配置文件 C:\Users\17676\Desktop\RocoKingdom-World\RocoKingdom-Clicker-Release\data\clicker_configs\default.json 不存在，使用默认配置
2026-05-15 17:41:50,982 | INFO     | ==================================================
2026-05-15 17:41:51,061 | INFO     | 连点器启动（Interception 版）
2026-05-15 17:41:51,061 | INFO     | ==================================================
2026-05-15 17:41:57,286 | INFO     | 开始监听热键... 请使用热键控制连点器
2026-05-15 17:41:57,287 | INFO     | 连点器已准备就绪，监听热键中...
2026-05-15 17:41:57,287 | INFO     | 开始监听热键...
2026-05-15 17:42:00,848 | INFO     | 连点器将在 3 秒后启动，请切换到游戏窗口...
2026-05-15 17:42:03,877 | INFO     | 点击循环已启动
2026-05-15 17:42:03,878 | INFO     | 连点器已启动
2026-05-15 17:42:03,890 | INFO     | 连点器已启动
2026-05-15 17:42:15,200 | INFO     | 点击循环已结束
2026-05-15 17:42:15,200 | INFO     | 连点器已停止 | 总点击数: 8
2026-05-15 17:42:15,204 | INFO     | 连点器已停止
2026-05-15 17:43:00,193 | INFO     | 连点器将在 3 秒后启动，请切换到游戏窗口...
2026-05-15 17:43:03,221 | INFO     | 点击循环已启动
2026-05-15 17:43:03,222 | INFO     | 连点器已启动
2026-05-15 17:43:03,225 | INFO     | 连点器已启动
2026-05-15 17:43:11,276 | INFO     | 连点器已停止 | 总点击数: 6
2026-05-15 17:43:11,277 | INFO     | 连点器已停止
2026-05-15 17:43:11,572 | INFO     | 点击循环已结束
2026-05-15 17:45:36,896 | INFO     | 连点器将在 3 秒后启动，请切换到游戏窗口...
2026-05-15 17:45:39,923 | INFO     | 点击循环已启动
2026-05-15 17:45:39,923 | INFO     | 连点器已启动
2026-05-15 17:45:39,924 | INFO     | 连点器已启动
2026-05-15 17:46:00,584 | INFO     | 点击循环已结束
2026-05-15 17:46:00,584 | INFO     | 连点器已停止 | 总点击数: 15
2026-05-15 17:46:00,586 | INFO     | 连点器已停止
2026-05-15 17:46:04,684 | INFO     | 已退出热键监听，返回主菜单
2026-05-15 17:46:08,429 | INFO     | 配置已保存到 C:\Users\17676\Desktop\RocoKingdom-World\RocoKingdom-Clicker-Release\data\clicker_configs\default.json
2026-05-15 17:54:20,150 | ERROR    | 程序异常: 'ClickerManager' object has no attribute 'action_script_menu'
2026-05-15 17:54:20,151 | INFO     | 连点器已关闭
2026-05-15 17:54:20,154 | INFO     | Interception 上下文已销毁
2026-05-15 18:56:26,961 | INFO     | 配置已从 C:\Users\17676\Desktop\RocoKingdom-World\RocoKingdom-Clicker-Release\data\clicker_configs\default.json 加载
2026-05-15 18:56:26,962 | INFO     | ==================================================
2026-05-15 18:56:27,052 | INFO     | 连点器启动（Interception 版）
2026-05-15 18:56:27,052 | INFO     | ==================================================
2026-05-15 18:57:04,193 | INFO     | 脚本已保存: C:\Users\17676\Desktop\RocoKingdom-World\RocoKingdom-Clicker-Release\data\action_scripts\move.json
2026-05-15 19:02:58,314 | INFO     | 配置已从 C:\Users\17676\Desktop\RocoKingdom-World\RocoKingdom-Clicker-Release\data\clicker_configs\default.json 加载
2026-05-15 19:02:58,315 | INFO     | ==================================================
2026-05-15 19:02:58,316 | INFO     | 连点器启动（Interception 版）
2026-05-15 19:02:58,316 | INFO     | ==================================================
2026-05-15 19:03:04,337 | INFO     | 已加载脚本: script_1 (4 个动作)
2026-05-15 19:03:07,898 | INFO     | 已加载脚本: script_1 (4 个动作)
2026-05-15 19:03:16,372 | INFO     | 已加载脚本: script_1 (4 个动作)
2026-05-15 19:03:16,392 | INFO     | 已加载脚本: script_1 (4 个动作)
2026-05-15 19:17:37,423 | INFO     | 配置已从 C:\Users\17676\Desktop\RocoKingdom-World\RocoKingdom-Clicker-Release\data\clicker_configs\default.json 加载
2026-05-15 19:17:37,424 | INFO     | ==================================================
2026-05-15 19:17:37,425 | INFO     | 连点器启动（Interception 版）
2026-05-15 19:17:37,425 | INFO     | ==================================================
2026-05-15 19:17:41,436 | INFO     | 开始监听热键... 请使用热键控制连点器
2026-05-15 19:17:41,437 | INFO     | 连点器已准备就绪，监听热键中...
2026-05-15 19:17:41,437 | INFO     | 开始监听热键...
2026-05-15 19:17:44,231 | INFO     | 连点器将在 3 秒后启动，请切换到游戏窗口...
2026-05-15 19:17:47,280 | INFO     | 点击循环已启动
2026-05-15 19:17:47,280 | INFO     | 连点器已启动
2026-05-15 19:17:47,285 | INFO     | 连点器已启动
2026-05-15 19:17:50,006 | INFO     | 点击循环已结束
2026-05-15 19:17:50,006 | INFO     | 连点器已停止 | 总点击数: 2
2026-05-15 19:17:50,015 | INFO     | 连点器已停止
2026-05-15 19:17:52,747 | INFO     | 已退出热键监听，返回主菜单
2026-05-15 19:17:56,347 | INFO     | 配置已保存到 C:\Users\17676\Desktop\RocoKingdom-World\RocoKingdom-Clicker-Release\data\clicker_configs\default.json
2026-05-15 19:17:59,005 | INFO     | 已加载脚本: script_1 (1 个动作)
2026-05-15 19:18:15,444 | INFO     | 已加载脚本: script_1 (1 个动作)
2026-05-15 19:18:30,007 | INFO     | 已加载脚本: script_1 (1 个动作)
2026-05-15 19:25:22,401 | INFO     | 配置已从 C:\Users\17676\Desktop\RocoKingdom-World\RocoKingdom-Clicker-Release\data\clicker_configs\default.json 加载
2026-05-15 19:25:22,401 | INFO     | ==================================================
2026-05-15 19:25:22,403 | INFO     | 连点器启动（Interception 版）
2026-05-15 19:25:22,403 | INFO     | ==================================================
2026-05-15 19:25:33,906 | INFO     | 开始监听热键... 请使用热键控制连点器
2026-05-15 19:25:33,908 | INFO     | 连点器已准备就绪，监听热键中...
2026-05-15 19:25:33,908 | INFO     | 开始监听热键...
2026-05-15 19:25:37,145 | INFO     | 连点器将在 3 秒后启动，请切换到游戏窗口...
2026-05-15 19:25:40,192 | INFO     | 点击循环已启动
2026-05-15 19:25:40,192 | INFO     | 连点器已启动
2026-05-15 19:25:40,193 | INFO     | 连点器已启动
2026-05-15 19:26:27,046 | INFO     | 连点器已停止 | 总点击数: 34
2026-05-15 19:26:27,046 | INFO     | 连点器已停止
2026-05-15 19:26:27,343 | INFO     | 点击循环已结束
2026-05-15 19:26:30,846 | INFO     | 已退出热键监听，返回主菜单
2026-05-15 19:26:35,043 | INFO     | 配置已保存到 C:\Users\17676\Desktop\RocoKingdom-World\RocoKingdom-Clicker-Release\data\clicker_configs\default.json
2026-05-15 19:26:38,439 | INFO     | 已加载脚本: script_1 (1 个动作)
2026-05-15 19:43:25,143 | INFO     | 配置已从 C:\Users\17676\Desktop\RocoKingdom-World\RocoKingdom-Clicker-Release\data\clicker_configs\default.json 加载
2026-05-15 19:43:25,143 | INFO     | ==================================================
2026-05-15 19:43:25,144 | INFO     | 连点器启动（Interception 版）
2026-05-15 19:43:25,177 | INFO     | ==================================================
2026-05-15 19:43:29,026 | INFO     | 已加载脚本: move_wasd_circle (1 个动作)
2026-05-15 19:43:29,028 | INFO     | 已加载脚本: script_1 (1 个动作)
2026-05-15 19:43:42,727 | INFO     | 已加载脚本: move_wasd_circle (1 个动作)
2026-05-15 19:44:07,974 | INFO     | 已加载脚本: move_wasd_circle (1 个动作)
2026-05-15 19:44:07,975 | INFO     | 已加载脚本: script_1 (1 个动作)
2026-05-15 19:45:19,859 | INFO     | 配置已从 C:\Users\17676\Desktop\RocoKingdom-World\RocoKingdom-Clicker-Release\data\clicker_configs\default.json 加载
2026-05-15 19:45:19,859 | INFO     | ==================================================
2026-05-15 19:45:19,860 | INFO     | 连点器启动（Interception 版）
2026-05-15 19:45:19,860 | INFO     | ==================================================
2026-05-15 19:45:21,523 | INFO     | 已加载脚本: move_wasd_circle (1 个动作)
2026-05-15 19:45:21,523 | INFO     | 已加载脚本: script_1 (1 个动作)
2026-05-15 19:45:31,050 | INFO     | 已加载脚本: move_wasd_circle (1 个动作)
2026-05-15 19:45:41,663 | INFO     | 已加载脚本: move_wasd_circle (1 个动作)
2026-05-15 19:45:41,663 | INFO     | 已加载脚本: script_1 (1 个动作)
2026-05-15 19:45:45,232 | INFO     | 已加载脚本: script_1 (1 个动作)
2026-05-15 19:45:57,885 | INFO     | 已加载脚本: move_wasd_circle (1 个动作)
2026-05-15 19:45:57,886 | INFO     | 已加载脚本: script_1 (1 个动作)
2026-05-15 22:09:12,646 | INFO     | 配置已从 C:\Users\17676\Desktop\RocoKingdom-World\RocoKingdom-Clicker-Release\data\clicker_configs\default.json 加载
2026-05-15 22:09:12,647 | INFO     | ==================================================
2026-05-15 22:09:12,653 | INFO     | 连点器启动（Interception 版）
2026-05-15 22:09:12,653 | INFO     | ==================================================
2026-05-15 22:09:15,771 | INFO     | 已加载脚本: move_wasd_circle (1 个动作)
2026-05-15 22:09:15,772 | INFO     | 已加载脚本: script_1 (1 个动作)
2026-05-15 22:09:24,953 | INFO     | 已加载脚本: move_wasd_circle (1 个动作)
2026-05-15 22:09:27,983 | INFO     | 已发现键盘设备: 1
2026-05-15 22:09:37,242 | INFO     | 已加载脚本: move_wasd_circle (1 个动作)
2026-05-15 22:09:37,242 | INFO     | 已加载脚本: script_1 (1 个动作)
